<?xml version="1.0" encoding="UTF-8"?>
<!-- Generated by org.testng.reporters.JUnitReportReporter -->
<testsuite hostname="INLEN8520032203" failures="0" tests="4" name="empolyeeTest.EmpolyeeTest" time="1.590" errors="0" timestamp="2022-06-20T12:33:40 IST" skipped="0">
  <testcase classname="empolyeeTest.EmpolyeeTest" name="postMethod" time="0.061"/>
  <system-out/>
  <testcase classname="empolyeeTest.EmpolyeeTest" name="getMethod" time="1.449"/>
  <system-out/>
  <testcase classname="empolyeeTest.EmpolyeeTest" name="putMethod" time="0.034"/>
  <system-out/>
  <testcase classname="empolyeeTest.EmpolyeeTest" name="deleteMethod" time="0.046"/>
  <system-out/>
</testsuite> <!-- empolyeeTest.EmpolyeeTest -->
